[debug] [2021-01-19T19:05:00.587Z] ----------------------------------------------------------------------
[debug] [2021-01-19T19:05:00.589Z] Command:       /usr/local/bin/node /usr/local/bin/firebase serve -p 4000
[debug] [2021-01-19T19:05:00.589Z] CLI Version:   9.1.2
[debug] [2021-01-19T19:05:00.589Z] Platform:      darwin
[debug] [2021-01-19T19:05:00.590Z] Node Version:  v12.18.0
[debug] [2021-01-19T19:05:00.604Z] Time:          Tue Jan 19 2021 14:05:00 GMT-0500 (Eastern Standard Time)
[debug] [2021-01-19T19:05:00.605Z] ----------------------------------------------------------------------
[debug] [2021-01-19T19:05:00.605Z] 
[debug] [2021-01-19T19:05:00.607Z] >>> [apiv2][query] GET https://firebase-public.firebaseio.com/cli.json [none]
[debug] [2021-01-19T19:05:00.639Z] > command requires scopes: ["email","openid","https://www.googleapis.com/auth/cloudplatformprojects.readonly","https://www.googleapis.com/auth/firebase","https://www.googleapis.com/auth/cloud-platform"]
[debug] [2021-01-19T19:05:00.639Z] > authorizing via signed-in user
[debug] [2021-01-19T19:05:00.639Z] [iam] checking project mockfb3-bc1eb for permissions ["firebase.projects.get"]
[debug] [2021-01-19T19:05:00.641Z] > refreshing access token with scopes: ["email","https://www.googleapis.com/auth/cloud-platform","https://www.googleapis.com/auth/cloudplatformprojects.readonly","https://www.googleapis.com/auth/firebase","openid"]
[debug] [2021-01-19T19:05:00.641Z] >>> HTTP REQUEST POST https://www.googleapis.com/oauth2/v3/token  
 <request body omitted>
[debug] [2021-01-19T19:05:00.917Z] <<< HTTP RESPONSE 200 {"date":"Tue, 19 Jan 2021 19:05:00 GMT","cache-control":"no-cache, no-store, max-age=0, must-revalidate","expires":"Mon, 01 Jan 1990 00:00:00 GMT","pragma":"no-cache","content-type":"application/json; charset=utf-8","vary":"X-Origin, Referer, Origin,Accept-Encoding","server":"scaffolding on HTTPServer2","x-xss-protection":"0","x-frame-options":"SAMEORIGIN","x-content-type-options":"nosniff","alt-svc":"h3-29=\":443\"; ma=2592000,h3-T051=\":443\"; ma=2592000,h3-Q050=\":443\"; ma=2592000,h3-Q046=\":443\"; ma=2592000,h3-Q043=\":443\"; ma=2592000,quic=\":443\"; ma=2592000; v=\"46,43\"","accept-ranges":"none","transfer-encoding":"chunked"}
[debug] [2021-01-19T19:05:00.945Z] >>> HTTP REQUEST POST https://cloudresourcemanager.googleapis.com/v1/projects/mockfb3-bc1eb:testIamPermissions  
 {"permissions":["firebase.projects.get"]}
[debug] [2021-01-19T19:05:00.965Z] <<< [apiv2][status] GET https://firebase-public.firebaseio.com/cli.json 200
[debug] [2021-01-19T19:05:00.965Z] <<< [apiv2][body] GET https://firebase-public.firebaseio.com/cli.json {"cloudBuildErrorAfter":1594252800000,"cloudBuildWarnAfter":1590019200000,"defaultNode10After":1594252800000,"minVersion":"3.0.5","node8DeploysDisabledAfter":1613390400000,"node8RuntimeDisabledAfter":1615809600000,"node8WarnAfter":1600128000000}
[debug] [2021-01-19T19:05:01.380Z] <<< HTTP RESPONSE 200 {"content-type":"application/json; charset=UTF-8","vary":"X-Origin, Referer, Origin,Accept-Encoding","date":"Tue, 19 Jan 2021 19:05:01 GMT","server":"ESF","cache-control":"private","x-xss-protection":"0","x-frame-options":"SAMEORIGIN","x-content-type-options":"nosniff","server-timing":"gfet4t7; dur=61","alt-svc":"h3-29=\":443\"; ma=2592000,h3-T051=\":443\"; ma=2592000,h3-Q050=\":443\"; ma=2592000,h3-Q046=\":443\"; ma=2592000,h3-Q043=\":443\"; ma=2592000,quic=\":443\"; ma=2592000; v=\"46,43\"","accept-ranges":"none","transfer-encoding":"chunked"}
[debug] [2021-01-19T19:05:01.381Z] >>> HTTP REQUEST GET https://firebase.googleapis.com/v1beta1/projects/mockfb3-bc1eb  
 
[debug] [2021-01-19T19:05:01.713Z] <<< HTTP RESPONSE 200 {"content-type":"application/json; charset=UTF-8","vary":"X-Origin, Referer, Origin,Accept-Encoding","date":"Tue, 19 Jan 2021 19:05:01 GMT","server":"ESF","cache-control":"private","x-xss-protection":"0","x-frame-options":"SAMEORIGIN","x-content-type-options":"nosniff","alt-svc":"h3-29=\":443\"; ma=2592000,h3-T051=\":443\"; ma=2592000,h3-Q050=\":443\"; ma=2592000,h3-Q046=\":443\"; ma=2592000,h3-Q043=\":443\"; ma=2592000,quic=\":443\"; ma=2592000; v=\"46,43\"","accept-ranges":"none","transfer-encoding":"chunked"}
[info] 
[info] === Serving from '/Users/jonathandonesky/Desktop/js/practiceReactAppBuilding/dumb-facebook'...
[info] 
[debug] [2021-01-19T19:05:01.716Z] >>> HTTP REQUEST GET https://firebase.googleapis.com/v1beta1/projects/mockfb3-bc1eb/webApps/-/config  
 
[info] ✔  functions: Using node@12 from host. {"metadata":{"emulator":{"name":"functions"},"message":"Using node@12 from host."}}
[debug] [2021-01-19T19:05:01.731Z] defaultcredentials: writing to file /Users/jonathandonesky/.config/firebase/jdonesky_gmail_com_application_default_credentials.json
[debug] [2021-01-19T19:05:01.732Z] Setting GAC to /Users/jonathandonesky/.config/firebase/jdonesky_gmail_com_application_default_credentials.json {"metadata":{"emulator":{"name":"functions"},"message":"Setting GAC to /Users/jonathandonesky/.config/firebase/jdonesky_gmail_com_application_default_credentials.json"}}
[debug] [2021-01-19T19:05:01.733Z] > refreshing access token with scopes: []
[debug] [2021-01-19T19:05:01.733Z] >>> HTTP REQUEST POST https://www.googleapis.com/oauth2/v3/token  
 <request body omitted>
[debug] [2021-01-19T19:05:01.898Z] <<< HTTP RESPONSE 200 {"expires":"Mon, 01 Jan 1990 00:00:00 GMT","date":"Tue, 19 Jan 2021 19:05:01 GMT","cache-control":"no-cache, no-store, max-age=0, must-revalidate","pragma":"no-cache","content-type":"application/json; charset=utf-8","vary":"X-Origin, Referer, Origin,Accept-Encoding","server":"scaffolding on HTTPServer2","x-xss-protection":"0","x-frame-options":"SAMEORIGIN","x-content-type-options":"nosniff","alt-svc":"h3-29=\":443\"; ma=2592000,h3-T051=\":443\"; ma=2592000,h3-Q050=\":443\"; ma=2592000,h3-Q046=\":443\"; ma=2592000,h3-Q043=\":443\"; ma=2592000,quic=\":443\"; ma=2592000; v=\"46,43\"","accept-ranges":"none","transfer-encoding":"chunked"}
[debug] [2021-01-19T19:05:01.965Z] >>> [apiv2][query] GET https://firebase.googleapis.com/v1beta1/projects/mockfb3-bc1eb/adminSdkConfig [none]
[debug] [2021-01-19T19:05:02.111Z] <<< HTTP RESPONSE 200 {"content-type":"application/json; charset=UTF-8","vary":"X-Origin, Referer, Origin,Accept-Encoding","date":"Tue, 19 Jan 2021 19:05:02 GMT","server":"ESF","cache-control":"private","x-xss-protection":"0","x-frame-options":"SAMEORIGIN","x-content-type-options":"nosniff","alt-svc":"h3-29=\":443\"; ma=2592000,h3-T051=\":443\"; ma=2592000,h3-Q050=\":443\"; ma=2592000,h3-Q046=\":443\"; ma=2592000,h3-Q043=\":443\"; ma=2592000,quic=\":443\"; ma=2592000; v=\"46,43\"","accept-ranges":"none","transfer-encoding":"chunked"}
[info] i  hosting: Serving hosting files from: build {"metadata":{"emulator":{"name":"hosting"},"message":"Serving hosting files from: \u001b[1mbuild\u001b[22m"}}
[info] ✔  hosting: Local server: http://localhost:4000 {"metadata":{"emulator":{"name":"hosting"},"message":"Local server: \u001b[4m\u001b[1mhttp://localhost:4000\u001b[22m\u001b[24m"}}
[debug] [2021-01-19T19:05:02.234Z] <<< [apiv2][status] GET https://firebase.googleapis.com/v1beta1/projects/mockfb3-bc1eb/adminSdkConfig 200
[debug] [2021-01-19T19:05:02.234Z] <<< [apiv2][body] GET https://firebase.googleapis.com/v1beta1/projects/mockfb3-bc1eb/adminSdkConfig {"projectId":"mockfb3-bc1eb","databaseURL":"https://mockfb3-bc1eb-default-rtdb.firebaseio.com","storageBucket":"mockfb3-bc1eb.appspot.com"}
[info] i  functions: Watching "/Users/jonathandonesky/Desktop/js/practiceReactAppBuilding/dumb-facebook/functions" for Cloud Functions... {"metadata":{"emulator":{"name":"functions"},"message":"Watching \"/Users/jonathandonesky/Desktop/js/practiceReactAppBuilding/dumb-facebook/functions\" for Cloud Functions..."}}
[debug] [2021-01-19T19:05:02.280Z] [worker-pool] addWorker(~diagnostic~) {"metadata":{"emulator":{"name":"functions"},"message":"[worker-pool] addWorker(~diagnostic~)"}}
[debug] [2021-01-19T19:05:02.280Z] [worker-pool] Adding worker with key ~diagnostic~, total=1 {"metadata":{"emulator":{"name":"functions"},"message":"[worker-pool] Adding worker with key ~diagnostic~, total=1"}}
[debug] [2021-01-19T19:05:02.281Z] [worker-pool] submitWork(triggerId=) {"metadata":{"emulator":{"name":"functions"},"message":"[worker-pool] submitWork(triggerId=)"}}
[debug] [2021-01-19T19:05:02.281Z] [worker-~diagnostic~-2dbac5bd-7141-4b42-92c4-3d65373b5bdc]: Assigning socketPath: /var/folders/rs/mk0f19p12z32h13y0y4jc_dm0000gn/T/fire_emu_43323.sock {"metadata":{"emulator":{"name":"functions"},"message":"[worker-~diagnostic~-2dbac5bd-7141-4b42-92c4-3d65373b5bdc]: Assigning socketPath: /var/folders/rs/mk0f19p12z32h13y0y4jc_dm0000gn/T/fire_emu_43323.sock"}}
[debug] [2021-01-19T19:05:02.281Z] [worker-~diagnostic~-2dbac5bd-7141-4b42-92c4-3d65373b5bdc]: BUSY {"metadata":{"emulator":{"name":"functions"},"message":"[worker-~diagnostic~-2dbac5bd-7141-4b42-92c4-3d65373b5bdc]: BUSY"}}
[debug] [2021-01-19T19:05:02.751Z] [runtime-status] [43323] Functions runtime initialized. {"cwd":"/Users/jonathandonesky/Desktop/js/practiceReactAppBuilding/dumb-facebook/functions","node_version":"12.18.0"} {"metadata":{"emulator":{"name":"functions"},"message":"[runtime-status] [43323] Functions runtime initialized. {\"cwd\":\"/Users/jonathandonesky/Desktop/js/practiceReactAppBuilding/dumb-facebook/functions\",\"node_version\":\"12.18.0\"}"}}
[debug] [2021-01-19T19:05:02.755Z] [runtime-status] [43323] Disabled runtime features: undefined {"metadata":{"emulator":{"name":"functions"},"message":"[runtime-status] [43323] Disabled runtime features: undefined"}}
[debug] [2021-01-19T19:05:02.777Z] [runtime-status] [43323] Resolved module firebase-admin {"declared":true,"installed":true,"version":"9.4.2","resolution":"/Users/jonathandonesky/Desktop/js/practiceReactAppBuilding/dumb-facebook/functions/node_modules/firebase-admin/lib/index.js"} {"metadata":{"emulator":{"name":"functions"},"message":"[runtime-status] [43323] Resolved module firebase-admin {\"declared\":true,\"installed\":true,\"version\":\"9.4.2\",\"resolution\":\"/Users/jonathandonesky/Desktop/js/practiceReactAppBuilding/dumb-facebook/functions/node_modules/firebase-admin/lib/index.js\"}"}}
[debug] [2021-01-19T19:05:02.783Z] [runtime-status] [43323] Resolved module firebase-functions {"declared":true,"installed":true,"version":"3.13.0","resolution":"/Users/jonathandonesky/Desktop/js/practiceReactAppBuilding/dumb-facebook/functions/node_modules/firebase-functions/lib/index.js"} {"metadata":{"emulator":{"name":"functions"},"message":"[runtime-status] [43323] Resolved module firebase-functions {\"declared\":true,\"installed\":true,\"version\":\"3.13.0\",\"resolution\":\"/Users/jonathandonesky/Desktop/js/practiceReactAppBuilding/dumb-facebook/functions/node_modules/firebase-functions/lib/index.js\"}"}}
[debug] [2021-01-19T19:05:02.783Z] [runtime-status] [43323] Resolved module firebase-functions {"declared":true,"installed":true,"version":"3.13.0","resolution":"/Users/jonathandonesky/Desktop/js/practiceReactAppBuilding/dumb-facebook/functions/node_modules/firebase-functions/lib/index.js"} {"metadata":{"emulator":{"name":"functions"},"message":"[runtime-status] [43323] Resolved module firebase-functions {\"declared\":true,\"installed\":true,\"version\":\"3.13.0\",\"resolution\":\"/Users/jonathandonesky/Desktop/js/practiceReactAppBuilding/dumb-facebook/functions/node_modules/firebase-functions/lib/index.js\"}"}}
[debug] [2021-01-19T19:05:02.790Z] [runtime-status] [43323] Outgoing network have been stubbed. [{"name":"http","status":"mocked"},{"name":"http","status":"mocked"},{"name":"https","status":"mocked"},{"name":"https","status":"mocked"},{"name":"net","status":"mocked"}] {"metadata":{"emulator":{"name":"functions"},"message":"[runtime-status] [43323] Outgoing network have been stubbed. [{\"name\":\"http\",\"status\":\"mocked\"},{\"name\":\"http\",\"status\":\"mocked\"},{\"name\":\"https\",\"status\":\"mocked\"},{\"name\":\"https\",\"status\":\"mocked\"},{\"name\":\"net\",\"status\":\"mocked\"}]"}}
[debug] [2021-01-19T19:05:02.797Z] [runtime-status] [43323] Resolved module firebase-functions {"declared":true,"installed":true,"version":"3.13.0","resolution":"/Users/jonathandonesky/Desktop/js/practiceReactAppBuilding/dumb-facebook/functions/node_modules/firebase-functions/lib/index.js"} {"metadata":{"emulator":{"name":"functions"},"message":"[runtime-status] [43323] Resolved module firebase-functions {\"declared\":true,\"installed\":true,\"version\":\"3.13.0\",\"resolution\":\"/Users/jonathandonesky/Desktop/js/practiceReactAppBuilding/dumb-facebook/functions/node_modules/firebase-functions/lib/index.js\"}"}}
[debug] [2021-01-19T19:05:03.439Z] [runtime-status] [43323] Checked functions.config() {"config":{}} {"metadata":{"emulator":{"name":"functions"},"message":"[runtime-status] [43323] Checked functions.config() {\"config\":{}}"}}
[debug] [2021-01-19T19:05:03.442Z] [runtime-status] [43323] firebase-functions has been stubbed. {"functionsResolution":{"declared":true,"installed":true,"version":"3.13.0","resolution":"/Users/jonathandonesky/Desktop/js/practiceReactAppBuilding/dumb-facebook/functions/node_modules/firebase-functions/lib/index.js"}} {"metadata":{"emulator":{"name":"functions"},"message":"[runtime-status] [43323] firebase-functions has been stubbed. {\"functionsResolution\":{\"declared\":true,\"installed\":true,\"version\":\"3.13.0\",\"resolution\":\"/Users/jonathandonesky/Desktop/js/practiceReactAppBuilding/dumb-facebook/functions/node_modules/firebase-functions/lib/index.js\"}}"}}
[debug] [2021-01-19T19:05:03.443Z] [runtime-status] [43323] Resolved module firebase-functions {"declared":true,"installed":true,"version":"3.13.0","resolution":"/Users/jonathandonesky/Desktop/js/practiceReactAppBuilding/dumb-facebook/functions/node_modules/firebase-functions/lib/index.js"} {"metadata":{"emulator":{"name":"functions"},"message":"[runtime-status] [43323] Resolved module firebase-functions {\"declared\":true,\"installed\":true,\"version\":\"3.13.0\",\"resolution\":\"/Users/jonathandonesky/Desktop/js/practiceReactAppBuilding/dumb-facebook/functions/node_modules/firebase-functions/lib/index.js\"}"}}
[debug] [2021-01-19T19:05:03.445Z] [runtime-status] [43323] Resolved module firebase-admin {"declared":true,"installed":true,"version":"9.4.2","resolution":"/Users/jonathandonesky/Desktop/js/practiceReactAppBuilding/dumb-facebook/functions/node_modules/firebase-admin/lib/index.js"} {"metadata":{"emulator":{"name":"functions"},"message":"[runtime-status] [43323] Resolved module firebase-admin {\"declared\":true,\"installed\":true,\"version\":\"9.4.2\",\"resolution\":\"/Users/jonathandonesky/Desktop/js/practiceReactAppBuilding/dumb-facebook/functions/node_modules/firebase-admin/lib/index.js\"}"}}
[debug] [2021-01-19T19:05:03.446Z] [runtime-status] [43323] Resolved module firebase-functions {"declared":true,"installed":true,"version":"3.13.0","resolution":"/Users/jonathandonesky/Desktop/js/practiceReactAppBuilding/dumb-facebook/functions/node_modules/firebase-functions/lib/index.js"} {"metadata":{"emulator":{"name":"functions"},"message":"[runtime-status] [43323] Resolved module firebase-functions {\"declared\":true,\"installed\":true,\"version\":\"3.13.0\",\"resolution\":\"/Users/jonathandonesky/Desktop/js/practiceReactAppBuilding/dumb-facebook/functions/node_modules/firebase-functions/lib/index.js\"}"}}
[debug] [2021-01-19T19:05:03.446Z] [runtime-status] [43323] firebase-admin has been stubbed. {"adminResolution":{"declared":true,"installed":true,"version":"9.4.2","resolution":"/Users/jonathandonesky/Desktop/js/practiceReactAppBuilding/dumb-facebook/functions/node_modules/firebase-admin/lib/index.js"}} {"metadata":{"emulator":{"name":"functions"},"message":"[runtime-status] [43323] firebase-admin has been stubbed. {\"adminResolution\":{\"declared\":true,\"installed\":true,\"version\":\"9.4.2\",\"resolution\":\"/Users/jonathandonesky/Desktop/js/practiceReactAppBuilding/dumb-facebook/functions/node_modules/firebase-admin/lib/index.js\"}}"}}
[debug] [2021-01-19T19:05:03.454Z] [runtime-status] [43323] initializeApp(DEFAULT) {"storageBucket":"mockfb3-bc1eb.appspot.com","databaseURL":"https://mockfb3-bc1eb-default-rtdb.firebaseio.com","projectId":"mockfb3-bc1eb"} {"metadata":{"emulator":{"name":"functions"},"message":"[runtime-status] [43323] initializeApp(DEFAULT) {\"storageBucket\":\"mockfb3-bc1eb.appspot.com\",\"databaseURL\":\"https://mockfb3-bc1eb-default-rtdb.firebaseio.com\",\"projectId\":\"mockfb3-bc1eb\"}"}}
[info] i  functions[pushMessageNotification]: function ignored because the database emulator does not exist or is not running. {"metadata":{"emulator":{"name":"functions"},"message":"function ignored because the database emulator does not exist or is not running."}}
[info] i  functions[writeToNewMessages]: function ignored because the database emulator does not exist or is not running. {"metadata":{"emulator":{"name":"functions"},"message":"function ignored because the database emulator does not exist or is not running."}}
[debug] [2021-01-19T19:05:03.466Z] [worker-~diagnostic~-2dbac5bd-7141-4b42-92c4-3d65373b5bdc]: IDLE {"metadata":{"emulator":{"name":"functions"},"message":"[worker-~diagnostic~-2dbac5bd-7141-4b42-92c4-3d65373b5bdc]: IDLE"}}
