[debug] [2021-01-19T22:32:48.566Z] ----------------------------------------------------------------------
[debug] [2021-01-19T22:32:48.570Z] Command:       /usr/local/bin/node /usr/local/bin/firebase serve -p 4000
[debug] [2021-01-19T22:32:48.571Z] CLI Version:   9.1.2
[debug] [2021-01-19T22:32:48.571Z] Platform:      darwin
[debug] [2021-01-19T22:32:48.571Z] Node Version:  v12.18.0
[debug] [2021-01-19T22:32:48.667Z] Time:          Tue Jan 19 2021 17:32:48 GMT-0500 (Eastern Standard Time)
[debug] [2021-01-19T22:32:48.667Z] ----------------------------------------------------------------------
[debug] [2021-01-19T22:32:48.668Z] 
[debug] [2021-01-19T22:32:48.680Z] > command requires scopes: ["email","openid","https://www.googleapis.com/auth/cloudplatformprojects.readonly","https://www.googleapis.com/auth/firebase","https://www.googleapis.com/auth/cloud-platform"]
[debug] [2021-01-19T22:32:48.681Z] > authorizing via signed-in user
[debug] [2021-01-19T22:32:48.681Z] [iam] checking project mockfb3-bc1eb for permissions ["firebase.projects.get"]
[debug] [2021-01-19T22:32:48.683Z] > refreshing access token with scopes: ["email","https://www.googleapis.com/auth/cloud-platform","https://www.googleapis.com/auth/cloudplatformprojects.readonly","https://www.googleapis.com/auth/firebase","openid"]
[debug] [2021-01-19T22:32:48.683Z] >>> HTTP REQUEST POST https://www.googleapis.com/oauth2/v3/token  
 <request body omitted>
[debug] [2021-01-19T22:32:48.937Z] <<< HTTP RESPONSE 200 {"cache-control":"no-cache, no-store, max-age=0, must-revalidate","expires":"Mon, 01 Jan 1990 00:00:00 GMT","date":"Tue, 19 Jan 2021 22:32:48 GMT","pragma":"no-cache","content-type":"application/json; charset=utf-8","vary":"X-Origin, Referer, Origin,Accept-Encoding","server":"scaffolding on HTTPServer2","x-xss-protection":"0","x-frame-options":"SAMEORIGIN","x-content-type-options":"nosniff","alt-svc":"h3-29=\":443\"; ma=2592000,h3-T051=\":443\"; ma=2592000,h3-Q050=\":443\"; ma=2592000,h3-Q046=\":443\"; ma=2592000,h3-Q043=\":443\"; ma=2592000,quic=\":443\"; ma=2592000; v=\"46,43\"","accept-ranges":"none","transfer-encoding":"chunked"}
[debug] [2021-01-19T22:32:49.040Z] >>> HTTP REQUEST POST https://cloudresourcemanager.googleapis.com/v1/projects/mockfb3-bc1eb:testIamPermissions  
 {"permissions":["firebase.projects.get"]}
[debug] [2021-01-19T22:32:49.773Z] <<< HTTP RESPONSE 200 {"content-type":"application/json; charset=UTF-8","vary":"X-Origin, Referer, Origin,Accept-Encoding","date":"Tue, 19 Jan 2021 22:32:49 GMT","server":"ESF","cache-control":"private","x-xss-protection":"0","x-frame-options":"SAMEORIGIN","x-content-type-options":"nosniff","server-timing":"gfet4t7; dur=50","alt-svc":"h3-29=\":443\"; ma=2592000,h3-T051=\":443\"; ma=2592000,h3-Q050=\":443\"; ma=2592000,h3-Q046=\":443\"; ma=2592000,h3-Q043=\":443\"; ma=2592000,quic=\":443\"; ma=2592000; v=\"46,43\"","accept-ranges":"none","transfer-encoding":"chunked"}
[debug] [2021-01-19T22:32:49.775Z] >>> HTTP REQUEST GET https://firebase.googleapis.com/v1beta1/projects/mockfb3-bc1eb  
 
[debug] [2021-01-19T22:32:50.118Z] <<< HTTP RESPONSE 200 {"content-type":"application/json; charset=UTF-8","vary":"X-Origin, Referer, Origin,Accept-Encoding","date":"Tue, 19 Jan 2021 22:32:50 GMT","server":"ESF","cache-control":"private","x-xss-protection":"0","x-frame-options":"SAMEORIGIN","x-content-type-options":"nosniff","alt-svc":"h3-29=\":443\"; ma=2592000,h3-T051=\":443\"; ma=2592000,h3-Q050=\":443\"; ma=2592000,h3-Q046=\":443\"; ma=2592000,h3-Q043=\":443\"; ma=2592000,quic=\":443\"; ma=2592000; v=\"46,43\"","accept-ranges":"none","transfer-encoding":"chunked"}
[info] 
[info] === Serving from '/Users/jonathandonesky/Desktop/js/practiceReactAppBuilding/dumb-facebook'...
[info] 
[debug] [2021-01-19T22:32:50.123Z] >>> HTTP REQUEST GET https://firebase.googleapis.com/v1beta1/projects/mockfb3-bc1eb/webApps/-/config  
 
[info] ✔  functions: Using node@12 from host. {"metadata":{"emulator":{"name":"functions"},"message":"Using node@12 from host."}}
[debug] [2021-01-19T22:32:50.152Z] defaultcredentials: writing to file /Users/jonathandonesky/.config/firebase/jdonesky_gmail_com_application_default_credentials.json
[debug] [2021-01-19T22:32:50.157Z] Setting GAC to /Users/jonathandonesky/.config/firebase/jdonesky_gmail_com_application_default_credentials.json {"metadata":{"emulator":{"name":"functions"},"message":"Setting GAC to /Users/jonathandonesky/.config/firebase/jdonesky_gmail_com_application_default_credentials.json"}}
[debug] [2021-01-19T22:32:50.159Z] > refreshing access token with scopes: []
[debug] [2021-01-19T22:32:50.159Z] >>> HTTP REQUEST POST https://www.googleapis.com/oauth2/v3/token  
 <request body omitted>
[debug] [2021-01-19T22:32:50.324Z] <<< HTTP RESPONSE 200 {"expires":"Mon, 01 Jan 1990 00:00:00 GMT","date":"Tue, 19 Jan 2021 22:32:50 GMT","pragma":"no-cache","cache-control":"no-cache, no-store, max-age=0, must-revalidate","content-type":"application/json; charset=utf-8","vary":"X-Origin, Referer, Origin,Accept-Encoding","server":"scaffolding on HTTPServer2","x-xss-protection":"0","x-frame-options":"SAMEORIGIN","x-content-type-options":"nosniff","alt-svc":"h3-29=\":443\"; ma=2592000,h3-T051=\":443\"; ma=2592000,h3-Q050=\":443\"; ma=2592000,h3-Q046=\":443\"; ma=2592000,h3-Q043=\":443\"; ma=2592000,quic=\":443\"; ma=2592000; v=\"46,43\"","accept-ranges":"none","transfer-encoding":"chunked"}
[debug] [2021-01-19T22:32:50.336Z] >>> [apiv2][query] GET https://firebase.googleapis.com/v1beta1/projects/mockfb3-bc1eb/adminSdkConfig [none]
[debug] [2021-01-19T22:32:50.547Z] <<< [apiv2][status] GET https://firebase.googleapis.com/v1beta1/projects/mockfb3-bc1eb/adminSdkConfig 200
[debug] [2021-01-19T22:32:50.547Z] <<< [apiv2][body] GET https://firebase.googleapis.com/v1beta1/projects/mockfb3-bc1eb/adminSdkConfig {"projectId":"mockfb3-bc1eb","databaseURL":"https://mockfb3-bc1eb-default-rtdb.firebaseio.com","storageBucket":"mockfb3-bc1eb.appspot.com"}
[debug] [2021-01-19T22:32:50.707Z] <<< HTTP RESPONSE 200 {"content-type":"application/json; charset=UTF-8","vary":"X-Origin, Referer, Origin,Accept-Encoding","date":"Tue, 19 Jan 2021 22:32:50 GMT","server":"ESF","cache-control":"private","x-xss-protection":"0","x-frame-options":"SAMEORIGIN","x-content-type-options":"nosniff","alt-svc":"h3-29=\":443\"; ma=2592000,h3-T051=\":443\"; ma=2592000,h3-Q050=\":443\"; ma=2592000,h3-Q046=\":443\"; ma=2592000,h3-Q043=\":443\"; ma=2592000,quic=\":443\"; ma=2592000; v=\"46,43\"","accept-ranges":"none","transfer-encoding":"chunked"}
[info] i  functions: Watching "/Users/jonathandonesky/Desktop/js/practiceReactAppBuilding/dumb-facebook/functions" for Cloud Functions... {"metadata":{"emulator":{"name":"functions"},"message":"Watching \"/Users/jonathandonesky/Desktop/js/practiceReactAppBuilding/dumb-facebook/functions\" for Cloud Functions..."}}
[debug] [2021-01-19T22:32:50.783Z] [worker-pool] addWorker(~diagnostic~) {"metadata":{"emulator":{"name":"functions"},"message":"[worker-pool] addWorker(~diagnostic~)"}}
[debug] [2021-01-19T22:32:50.783Z] [worker-pool] Adding worker with key ~diagnostic~, total=1 {"metadata":{"emulator":{"name":"functions"},"message":"[worker-pool] Adding worker with key ~diagnostic~, total=1"}}
[debug] [2021-01-19T22:32:50.783Z] [worker-pool] submitWork(triggerId=) {"metadata":{"emulator":{"name":"functions"},"message":"[worker-pool] submitWork(triggerId=)"}}
[debug] [2021-01-19T22:32:50.784Z] [worker-~diagnostic~-a1d788cd-4ad6-4c43-8973-0b65725583e0]: Assigning socketPath: /var/folders/rs/mk0f19p12z32h13y0y4jc_dm0000gn/T/fire_emu_45340.sock {"metadata":{"emulator":{"name":"functions"},"message":"[worker-~diagnostic~-a1d788cd-4ad6-4c43-8973-0b65725583e0]: Assigning socketPath: /var/folders/rs/mk0f19p12z32h13y0y4jc_dm0000gn/T/fire_emu_45340.sock"}}
[debug] [2021-01-19T22:32:50.784Z] [worker-~diagnostic~-a1d788cd-4ad6-4c43-8973-0b65725583e0]: BUSY {"metadata":{"emulator":{"name":"functions"},"message":"[worker-~diagnostic~-a1d788cd-4ad6-4c43-8973-0b65725583e0]: BUSY"}}
[info] i  hosting: Serving hosting files from: build {"metadata":{"emulator":{"name":"hosting"},"message":"Serving hosting files from: \u001b[1mbuild\u001b[22m"}}
[info] ✔  hosting: Local server: http://localhost:4000 {"metadata":{"emulator":{"name":"hosting"},"message":"Local server: \u001b[4m\u001b[1mhttp://localhost:4000\u001b[22m\u001b[24m"}}
[debug] [2021-01-19T22:32:51.099Z] [runtime-status] [45340] Functions runtime initialized. {"cwd":"/Users/jonathandonesky/Desktop/js/practiceReactAppBuilding/dumb-facebook/functions","node_version":"12.18.0"} {"metadata":{"emulator":{"name":"functions"},"message":"[runtime-status] [45340] Functions runtime initialized. {\"cwd\":\"/Users/jonathandonesky/Desktop/js/practiceReactAppBuilding/dumb-facebook/functions\",\"node_version\":\"12.18.0\"}"}}
[debug] [2021-01-19T22:32:51.100Z] [runtime-status] [45340] Disabled runtime features: undefined {"metadata":{"emulator":{"name":"functions"},"message":"[runtime-status] [45340] Disabled runtime features: undefined"}}
[debug] [2021-01-19T22:32:51.109Z] [runtime-status] [45340] Resolved module firebase-admin {"declared":true,"installed":true,"version":"9.4.2","resolution":"/Users/jonathandonesky/Desktop/js/practiceReactAppBuilding/dumb-facebook/functions/node_modules/firebase-admin/lib/index.js"} {"metadata":{"emulator":{"name":"functions"},"message":"[runtime-status] [45340] Resolved module firebase-admin {\"declared\":true,\"installed\":true,\"version\":\"9.4.2\",\"resolution\":\"/Users/jonathandonesky/Desktop/js/practiceReactAppBuilding/dumb-facebook/functions/node_modules/firebase-admin/lib/index.js\"}"}}
[debug] [2021-01-19T22:32:51.111Z] [runtime-status] [45340] Resolved module firebase-functions {"declared":true,"installed":true,"version":"3.13.0","resolution":"/Users/jonathandonesky/Desktop/js/practiceReactAppBuilding/dumb-facebook/functions/node_modules/firebase-functions/lib/index.js"} {"metadata":{"emulator":{"name":"functions"},"message":"[runtime-status] [45340] Resolved module firebase-functions {\"declared\":true,\"installed\":true,\"version\":\"3.13.0\",\"resolution\":\"/Users/jonathandonesky/Desktop/js/practiceReactAppBuilding/dumb-facebook/functions/node_modules/firebase-functions/lib/index.js\"}"}}
[debug] [2021-01-19T22:32:51.113Z] [runtime-status] [45340] Resolved module firebase-functions {"declared":true,"installed":true,"version":"3.13.0","resolution":"/Users/jonathandonesky/Desktop/js/practiceReactAppBuilding/dumb-facebook/functions/node_modules/firebase-functions/lib/index.js"} {"metadata":{"emulator":{"name":"functions"},"message":"[runtime-status] [45340] Resolved module firebase-functions {\"declared\":true,\"installed\":true,\"version\":\"3.13.0\",\"resolution\":\"/Users/jonathandonesky/Desktop/js/practiceReactAppBuilding/dumb-facebook/functions/node_modules/firebase-functions/lib/index.js\"}"}}
[debug] [2021-01-19T22:32:51.115Z] [runtime-status] [45340] Outgoing network have been stubbed. [{"name":"http","status":"mocked"},{"name":"http","status":"mocked"},{"name":"https","status":"mocked"},{"name":"https","status":"mocked"},{"name":"net","status":"mocked"}] {"metadata":{"emulator":{"name":"functions"},"message":"[runtime-status] [45340] Outgoing network have been stubbed. [{\"name\":\"http\",\"status\":\"mocked\"},{\"name\":\"http\",\"status\":\"mocked\"},{\"name\":\"https\",\"status\":\"mocked\"},{\"name\":\"https\",\"status\":\"mocked\"},{\"name\":\"net\",\"status\":\"mocked\"}]"}}
[debug] [2021-01-19T22:32:51.115Z] [runtime-status] [45340] Resolved module firebase-functions {"declared":true,"installed":true,"version":"3.13.0","resolution":"/Users/jonathandonesky/Desktop/js/practiceReactAppBuilding/dumb-facebook/functions/node_modules/firebase-functions/lib/index.js"} {"metadata":{"emulator":{"name":"functions"},"message":"[runtime-status] [45340] Resolved module firebase-functions {\"declared\":true,\"installed\":true,\"version\":\"3.13.0\",\"resolution\":\"/Users/jonathandonesky/Desktop/js/practiceReactAppBuilding/dumb-facebook/functions/node_modules/firebase-functions/lib/index.js\"}"}}
[debug] [2021-01-19T22:32:51.356Z] [runtime-status] [45340] Checked functions.config() {"config":{}} {"metadata":{"emulator":{"name":"functions"},"message":"[runtime-status] [45340] Checked functions.config() {\"config\":{}}"}}
[debug] [2021-01-19T22:32:51.357Z] [runtime-status] [45340] firebase-functions has been stubbed. {"functionsResolution":{"declared":true,"installed":true,"version":"3.13.0","resolution":"/Users/jonathandonesky/Desktop/js/practiceReactAppBuilding/dumb-facebook/functions/node_modules/firebase-functions/lib/index.js"}} {"metadata":{"emulator":{"name":"functions"},"message":"[runtime-status] [45340] firebase-functions has been stubbed. {\"functionsResolution\":{\"declared\":true,\"installed\":true,\"version\":\"3.13.0\",\"resolution\":\"/Users/jonathandonesky/Desktop/js/practiceReactAppBuilding/dumb-facebook/functions/node_modules/firebase-functions/lib/index.js\"}}"}}
[debug] [2021-01-19T22:32:51.357Z] [runtime-status] [45340] Resolved module firebase-functions {"declared":true,"installed":true,"version":"3.13.0","resolution":"/Users/jonathandonesky/Desktop/js/practiceReactAppBuilding/dumb-facebook/functions/node_modules/firebase-functions/lib/index.js"} {"metadata":{"emulator":{"name":"functions"},"message":"[runtime-status] [45340] Resolved module firebase-functions {\"declared\":true,\"installed\":true,\"version\":\"3.13.0\",\"resolution\":\"/Users/jonathandonesky/Desktop/js/practiceReactAppBuilding/dumb-facebook/functions/node_modules/firebase-functions/lib/index.js\"}"}}
[debug] [2021-01-19T22:32:51.358Z] [runtime-status] [45340] Resolved module firebase-admin {"declared":true,"installed":true,"version":"9.4.2","resolution":"/Users/jonathandonesky/Desktop/js/practiceReactAppBuilding/dumb-facebook/functions/node_modules/firebase-admin/lib/index.js"} {"metadata":{"emulator":{"name":"functions"},"message":"[runtime-status] [45340] Resolved module firebase-admin {\"declared\":true,\"installed\":true,\"version\":\"9.4.2\",\"resolution\":\"/Users/jonathandonesky/Desktop/js/practiceReactAppBuilding/dumb-facebook/functions/node_modules/firebase-admin/lib/index.js\"}"}}
[debug] [2021-01-19T22:32:51.359Z] [runtime-status] [45340] Resolved module firebase-functions {"declared":true,"installed":true,"version":"3.13.0","resolution":"/Users/jonathandonesky/Desktop/js/practiceReactAppBuilding/dumb-facebook/functions/node_modules/firebase-functions/lib/index.js"} {"metadata":{"emulator":{"name":"functions"},"message":"[runtime-status] [45340] Resolved module firebase-functions {\"declared\":true,\"installed\":true,\"version\":\"3.13.0\",\"resolution\":\"/Users/jonathandonesky/Desktop/js/practiceReactAppBuilding/dumb-facebook/functions/node_modules/firebase-functions/lib/index.js\"}"}}
[debug] [2021-01-19T22:32:51.360Z] [runtime-status] [45340] firebase-admin has been stubbed. {"adminResolution":{"declared":true,"installed":true,"version":"9.4.2","resolution":"/Users/jonathandonesky/Desktop/js/practiceReactAppBuilding/dumb-facebook/functions/node_modules/firebase-admin/lib/index.js"}} {"metadata":{"emulator":{"name":"functions"},"message":"[runtime-status] [45340] firebase-admin has been stubbed. {\"adminResolution\":{\"declared\":true,\"installed\":true,\"version\":\"9.4.2\",\"resolution\":\"/Users/jonathandonesky/Desktop/js/practiceReactAppBuilding/dumb-facebook/functions/node_modules/firebase-admin/lib/index.js\"}}"}}
[debug] [2021-01-19T22:32:51.362Z] [runtime-status] [45340] initializeApp(DEFAULT) {"storageBucket":"mockfb3-bc1eb.appspot.com","databaseURL":"https://mockfb3-bc1eb-default-rtdb.firebaseio.com","projectId":"mockfb3-bc1eb"} {"metadata":{"emulator":{"name":"functions"},"message":"[runtime-status] [45340] initializeApp(DEFAULT) {\"storageBucket\":\"mockfb3-bc1eb.appspot.com\",\"databaseURL\":\"https://mockfb3-bc1eb-default-rtdb.firebaseio.com\",\"projectId\":\"mockfb3-bc1eb\"}"}}
[info] i  functions[pushMessageNotification]: function ignored because the database emulator does not exist or is not running. {"metadata":{"emulator":{"name":"functions"},"message":"function ignored because the database emulator does not exist or is not running."}}
[info] i  functions[writeToNewMessages]: function ignored because the database emulator does not exist or is not running. {"metadata":{"emulator":{"name":"functions"},"message":"function ignored because the database emulator does not exist or is not running."}}
[debug] [2021-01-19T22:32:51.366Z] [worker-~diagnostic~-a1d788cd-4ad6-4c43-8973-0b65725583e0]: IDLE {"metadata":{"emulator":{"name":"functions"},"message":"[worker-~diagnostic~-a1d788cd-4ad6-4c43-8973-0b65725583e0]: IDLE"}}
